<?xml version="1.0" encoding="UTF-8"?>
<!-- Generated by org.testng.reporters.JUnitReportReporter -->
<testsuite hostname="Believer-HJ007" failures="0" tests="1" name="TestScript.SampleTwoTest" time="11.090" errors="0" timestamp="2023-02-27T12:35:37 IST" skipped="0">
  <testcase classname="TestScript.SampleTwoTest" name="CypressSearchTest" time="11.090"/>
  <system-out/>
</testsuite> <!-- TestScript.SampleTwoTest -->
