<?xml version="1.0" encoding="UTF-8"?>
<!-- Generated by org.testng.reporters.JUnitReportReporter -->
<testsuite hostname="Believer-HJ007" failures="0" tests="1" name="TestScript.CDPTest" time="15.386" errors="0" timestamp="2023-03-14T14:42:17 IST" skipped="0">
  <testcase classname="TestScript.CDPTest" name="basicAuthTest" time="15.386"/>
  <system-out/>
</testsuite> <!-- TestScript.CDPTest -->
