<?xml version="1.0" encoding="UTF-8"?>
<!-- Generated by org.testng.reporters.JUnitReportReporter -->
<testsuite hostname="Believer-HJ007" failures="0" tests="2" name="TestScript.CheckPoint_Verified" time="25.140" errors="0" timestamp="2023-02-27T12:35:37 IST" skipped="0">
  <testcase classname="TestScript.CheckPoint_Verified" name="SeleniumSearch" time="11.402"/>
  <system-out/>
  <testcase classname="TestScript.CheckPoint_Verified" name="f" time="13.738"/>
  <system-out/>
</testsuite> <!-- TestScript.CheckPoint_Verified -->
