<?xml version="1.0" encoding="UTF-8"?>
<!-- Generated by org.testng.reporters.JUnitReportReporter -->
<testsuite hostname="Believer-HJ007" failures="0" tests="1" name="TestScript.DataDriven_Login_Example" time="14.091" errors="0" timestamp="2023-03-01T12:20:40 IST" skipped="0">
  <testcase classname="TestScript.DataDriven_Login_Example" name="ValidLoginTest" time="14.091"/>
  <system-out/>
</testsuite> <!-- TestScript.DataDriven_Login_Example -->
