<?xml version="1.0" encoding="UTF-8"?>
<!-- Generated by org.testng.reporters.JUnitReportReporter -->
<testsuite hostname="Believer-HJ007" failures="0" tests="1" name="TestScript.RemoteDriverTest" time="7.910" errors="0" timestamp="2023-03-03T10:05:36 IST" skipped="0">
  <testcase classname="TestScript.RemoteDriverTest" name="remoteAppTest" time="7.910"/>
  <system-out/>
</testsuite> <!-- TestScript.RemoteDriverTest -->
