<?xml version="1.0" encoding="UTF-8"?>
<!-- Generated by org.testng.reporters.JUnitReportReporter -->
<testsuite hostname="Believer-HJ007" failures="0" tests="4" name="ParallelScript.SampleOneTest" time="0.055" errors="0" timestamp="2023-02-28T10:13:14 IST" skipped="0">
  <testcase classname="ParallelScript.SampleOneTest" name="testThree" time="0.005"/>
  <system-out/>
  <testcase classname="ParallelScript.SampleOneTest" name="testFour" time="0.023"/>
  <system-out/>
  <testcase classname="ParallelScript.SampleOneTest" name="testOne" time="0.007"/>
  <system-out/>
  <testcase classname="ParallelScript.SampleOneTest" name="testTwo" time="0.020"/>
  <system-out/>
</testsuite> <!-- ParallelScript.SampleOneTest -->
