<?xml version="1.0" encoding="UTF-8"?>
<!-- Generated by org.testng.reporters.JUnitReportReporter -->
<testsuite hostname="Believer-HJ007" failures="0" tests="2" name="parameter.ParameterTest" time="18.154" errors="0" timestamp="2023-02-28T11:19:44 IST" skipped="0">
  <testcase classname="parameter.ParameterTest" name="SeleniumSearchTest" time="10.172"/>
  <system-out/>
  <testcase classname="parameter.ParameterTest" name="JavaSearchTest" time="7.982"/>
  <system-out/>
</testsuite> <!-- parameter.ParameterTest -->
