<?xml version="1.0" encoding="UTF-8"?>
<!-- Generated by org.testng.reporters.JUnitReportReporter -->
<testsuite hostname="Believer-HJ007" failures="0" tests="4" name="ParallelScript.SampleThreeTest" time="0.054" errors="0" timestamp="2023-02-28T10:13:14 IST" skipped="0">
  <testcase classname="ParallelScript.SampleThreeTest" name="testOne" time="0.007"/>
  <system-out/>
  <testcase classname="ParallelScript.SampleThreeTest" name="testThree" time="0.002"/>
  <system-out/>
  <testcase classname="ParallelScript.SampleThreeTest" name="testTwo" time="0.005"/>
  <system-out/>
  <testcase classname="ParallelScript.SampleThreeTest" name="testFour" time="0.040"/>
  <system-out/>
</testsuite> <!-- ParallelScript.SampleThreeTest -->
