<?xml version="1.0" encoding="UTF-8"?>
<!-- Generated by org.testng.reporters.JUnitReportReporter -->
<testsuite hostname="Believer-HJ007" failures="0" tests="4" name="ParallelScript.SampleTwoTest" time="0.017" errors="0" timestamp="2023-02-28T10:13:14 IST" skipped="0">
  <testcase classname="ParallelScript.SampleTwoTest" name="testFour" time="0.005"/>
  <system-out/>
  <testcase classname="ParallelScript.SampleTwoTest" name="testThree" time="0.003"/>
  <system-out/>
  <testcase classname="ParallelScript.SampleTwoTest" name="testTwo" time="0.004"/>
  <system-out/>
  <testcase classname="ParallelScript.SampleTwoTest" name="testOne" time="0.005"/>
  <system-out/>
</testsuite> <!-- ParallelScript.SampleTwoTest -->
