<?xml version="1.0" encoding="UTF-8"?>
<!-- Generated by org.testng.reporters.JUnitReportReporter -->
<testsuite hostname="Believer-HJ007" failures="0" tests="3" name="TestScript.Demo_1" time="15.324" errors="0" timestamp="2023-02-27T12:38:57 IST" skipped="1">
  <testcase classname="TestScript.Demo_1" name="SeleniumSearchTest" time="8.029"/>
  <system-out/>
  <testcase classname="TestScript.Demo_1" name="JavaSearchTest" time="7.295"/>
  <system-out/>
  <testcase classname="TestScript.Demo_1" name="cucumberSearchTest">
    <skipped/>
  </testcase> <!-- cucumberSearchTest -->
  <system-out/>
</testsuite> <!-- TestScript.Demo_1 -->
