<?xml version="1.0" encoding="UTF-8"?>
<!-- Generated by org.testng.reporters.JUnitReportReporter -->
<testsuite hostname="Believer-HJ007" failures="0" tests="2" name="TestScript.Group_Demo2" time="0.007" errors="0" timestamp="2023-02-27T13:29:16 IST" skipped="0">
  <testcase classname="TestScript.Group_Demo2" name="insert2" time="0.004"/>
  <system-out/>
  <testcase classname="TestScript.Group_Demo2" name="insert1" time="0.003"/>
  <system-out/>
</testsuite> <!-- TestScript.Group_Demo2 -->
